<?xml version="1.0" encoding="UTF-8"?>
<!-- Generated by org.testng.reporters.JUnitReportReporter -->
<testsuite hostname="DESKTOP-N9QFJ52" failures="0" tests="2" name="appHooks.DummyClass" time="0.027" errors="0" timestamp="2021-12-03T11:25:59 IST" skipped="0">
  <testcase classname="appHooks.DummyClass" name="Writer_Browser_In_Property_File" time="0.009"/>
  <system-out/>
  <testcase classname="appHooks.DummyClass" name="Writer_Browser_In_Property_File" time="0.018"/>
  <system-out/>
</testsuite> <!-- appHooks.DummyClass -->
