<?xml version="1.0" encoding="UTF-8"?>
<!-- Generated by org.testng.reporters.JUnitReportReporter -->
<testsuite hostname="DESKTOP-N9QFJ52" failures="0" tests="1" name="DummyClass" time="0.019" errors="0" timestamp="2021-12-02T12:22:06 IST" skipped="0">
  <testcase classname="DummyClass" name="fun" time="0.019"/>
  <system-out/>
</testsuite> <!-- DummyClass -->
